#
# A fatal error has been detected by the Java Runtime Environment:
#
#  Internal Error (macroAssembler_x86.cpp:845), pid=90032, tid=85752
#  fatal error: DEBUG MESSAGE: unimplemented bytecode
#
# JRE version: Java(TM) SE Runtime Environment (19.0.1+10) (build 19.0.1+10-21)
# Java VM: Java HotSpot(TM) 64-Bit Server VM (19.0.1+10-21, mixed mode, sharing, tiered, compressed oops, compressed class ptrs, g1 gc, windows-amd64)
# No core dump will be written. Minidumps are not enabled by default on client versions of Windows
#
# If you would like to submit a bug report, please visit:
#   https://bugreport.java.com/bugreport/crash.jsp
#

---------------  S U M M A R Y ------------

Command Line: -Xverify:none -ea -javaagent:.idea/libraries/instrumentation.jar -Didea.test.cyclic.buffer.size=1048576 -javaagent:C:\Program Files\JetBrains\IntelliJ IDEA Community Edition 2022.3.1\lib\idea_rt.jar=61164:C:\Program Files\JetBrains\IntelliJ IDEA Community Edition 2022.3.1\bin -Dfile.encoding=UTF-8 -Dsun.stdout.encoding=UTF-8 -Dsun.stderr.encoding=UTF-8 com.intellij.rt.junit.JUnitStarter -ideVersion5 -junit5 edu.caltech.cs2.datastructures.ChainingHashDictionaryTests

Host: 11th Gen Intel(R) Core(TM) i7-1165G7 @ 2.80GHz, 8 cores, 15G,  Windows 11 , 64 bit Build 22000 (10.0.22000.1516)
Time: Mon Feb 20 21:14:06 2023 Pacific Standard Time elapsed time: 6.785588 seconds (0d 0h 0m 6s)

---------------  T H R E A D  ---------------

Current thread (0x0000028b19456760):  JavaThread "main" [_thread_in_Java, id=85752, stack(0x000000d2e1400000,0x000000d2e1500000)]

Stack: [0x000000d2e1400000,0x000000d2e1500000]
Native frames: (J=compiled Java code, j=interpreted, Vv=VM code, C=native code)
V  [jvm.dll+0x6ee8fa]
V  [jvm.dll+0x857a1e]
V  [jvm.dll+0x85940e]
V  [jvm.dll+0x28266b]
V  [jvm.dll+0x61feae]
C  0x0000028b2890b2fb


---------------  P R O C E S S  ---------------

Threads class SMR info:
_java_thread_list=0x0000028b41236ec0, length=14, elements={
0x0000028b19456760, 0x0000028b3c690450, 0x0000028b3c691010, 0x0000028b3c692460,
0x0000028b3c694e90, 0x0000028b3c6988d0, 0x0000028b3c69a210, 0x0000028b3c6a2e90,
0x0000028b3c6ac3e0, 0x0000028b3c6bcd30, 0x0000028b3c662d90, 0x0000028b40ab9240,
0x0000028b40ab9780, 0x0000028b411e7130
}

Java Threads: ( => current thread )
=>0x0000028b19456760 JavaThread "main" [_thread_in_Java, id=85752, stack(0x000000d2e1400000,0x000000d2e1500000)]
  0x0000028b3c690450 JavaThread "Reference Handler" daemon [_thread_blocked, id=88640, stack(0x000000d2e1b00000,0x000000d2e1c00000)]
  0x0000028b3c691010 JavaThread "Finalizer" daemon [_thread_blocked, id=89008, stack(0x000000d2e1c00000,0x000000d2e1d00000)]
  0x0000028b3c692460 JavaThread "Signal Dispatcher" daemon [_thread_blocked, id=68956, stack(0x000000d2e1d00000,0x000000d2e1e00000)]
  0x0000028b3c694e90 JavaThread "Attach Listener" daemon [_thread_blocked, id=32688, stack(0x000000d2e1e00000,0x000000d2e1f00000)]
  0x0000028b3c6988d0 JavaThread "Service Thread" daemon [_thread_blocked, id=73700, stack(0x000000d2e1f00000,0x000000d2e2000000)]
  0x0000028b3c69a210 JavaThread "Monitor Deflation Thread" daemon [_thread_blocked, id=69636, stack(0x000000d2e2000000,0x000000d2e2100000)]
  0x0000028b3c6a2e90 JavaThread "C2 CompilerThread0" daemon [_thread_blocked, id=93200, stack(0x000000d2e2100000,0x000000d2e2200000)]
  0x0000028b3c6ac3e0 JavaThread "C1 CompilerThread0" daemon [_thread_blocked, id=89376, stack(0x000000d2e2200000,0x000000d2e2300000)]
  0x0000028b3c6bcd30 JavaThread "Sweeper thread" daemon [_thread_blocked, id=94172, stack(0x000000d2e2300000,0x000000d2e2400000)]
  0x0000028b3c662d90 JavaThread "Common-Cleaner" daemon [_thread_blocked, id=91784, stack(0x000000d2e2400000,0x000000d2e2500000)]
  0x0000028b40ab9240 JavaThread "Monitor Ctrl-Break" daemon [_thread_in_native, id=94152, stack(0x000000d2e2500000,0x000000d2e2600000)]
  0x0000028b40ab9780 JavaThread "Notification Thread" daemon [_thread_blocked, id=86668, stack(0x000000d2e2600000,0x000000d2e2700000)]
  0x0000028b411e7130 JavaThread "junit-jupiter-timeout-watcher" [_thread_blocked, id=93216, stack(0x000000d2e2e00000,0x000000d2e2f00000)]

Other Threads:
  0x0000028b3c677c70 VMThread "VM Thread" [stack: 0x000000d2e1a00000,0x000000d2e1b00000] [id=91068]
  0x0000028b40abe970 WatcherThread "VM Periodic Task Thread" [stack: 0x000000d2e2700000,0x000000d2e2800000] [id=73368]
  0x0000028b194c4ac0 WorkerThread "GC Thread#0" [stack: 0x000000d2e1500000,0x000000d2e1600000] [id=93544]
  0x0000028b411b0df0 WorkerThread "GC Thread#1" [stack: 0x000000d2e2900000,0x000000d2e2a00000] [id=94008]
  0x0000028b411b10c0 WorkerThread "GC Thread#2" [stack: 0x000000d2e2a00000,0x000000d2e2b00000] [id=86764]
  0x0000028b411a8020 WorkerThread "GC Thread#3" [stack: 0x000000d2e2b00000,0x000000d2e2c00000] [id=93196]
  0x0000028b411a82f0 WorkerThread "GC Thread#4" [stack: 0x000000d2e2c00000,0x000000d2e2d00000] [id=93648]
  0x0000028b411bac60 WorkerThread "GC Thread#5" [stack: 0x000000d2e2d00000,0x000000d2e2e00000] [id=92556]
  0x0000028b411baf30 WorkerThread "GC Thread#6" [stack: 0x000000d2e2f00000,0x000000d2e3000000] [id=19036]
  0x0000028b411bb200 WorkerThread "GC Thread#7" [stack: 0x000000d2e3000000,0x000000d2e3100000] [id=94028]
  0x0000028b194d5570 ConcurrentGCThread "G1 Main Marker" [stack: 0x000000d2e1600000,0x000000d2e1700000] [id=85740]
  0x0000028b194d62a0 WorkerThread "G1 Conc#0" [stack: 0x000000d2e1700000,0x000000d2e1800000] [id=92776]
  0x0000028b1951e030 ConcurrentGCThread "G1 Refine#0" [stack: 0x000000d2e1800000,0x000000d2e1900000] [id=93268]
  0x0000028b1951eb70 ConcurrentGCThread "G1 Service" [stack: 0x000000d2e1900000,0x000000d2e1a00000] [id=87384]

Threads with active compile tasks:

VM state: not at safepoint (normal execution)

VM Mutex/Monitor currently owned by a thread: None

Heap address: 0x0000000704a00000, size: 4022 MB, Compressed Oops mode: Zero based, Oop shift amount: 3

CDS archive(s) mapped at: [0x0000000800000000-0x0000000800c40000-0x0000000800c40000), size 12845056, SharedBaseAddress: 0x0000000800000000, ArchiveRelocationMode: 0.
Compressed class space mapped at: 0x0000000801000000-0x0000000841000000, reserved size: 1073741824
Narrow klass base: 0x0000000800000000, Narrow klass shift: 0, Narrow klass range: 0x100000000

GC Precious Log:
 CardTable entry size: 512
 Card Set container configuration: InlinePtr #cards 4 size 8 Array Of Cards #cards 16 size 48 Howl #buckets 8 coarsen threshold 3686 Howl Bitmap #cards 512 size 80 coarsen threshold 460 Card regions per heap region 1 cards per card region 4096
 CPUs: 8 total, 8 available
 Memory: 16082M
 Large Page Support: Disabled
 NUMA Support: Disabled
 Compressed Oops: Enabled (Zero based)
 Heap Region Size: 2M
 Heap Min Capacity: 8M
 Heap Initial Capacity: 252M
 Heap Max Capacity: 4022M
 Pre-touch: Disabled
 Parallel Workers: 8
 Concurrent Workers: 2
 Concurrent Refinement Workers: 8
 Periodic GC: Disabled

Heap:
 garbage-first heap   total 258048K, used 19827K [0x0000000704a00000, 0x0000000800000000)
  region size 2048K, 12 young (24576K), 2 survivors (4096K)
 Metaspace       used 6822K, committed 7040K, reserved 1114112K
  class space    used 757K, committed 832K, reserved 1048576K

Heap Regions: E=young(eden), S=young(survivor), O=old, HS=humongous(starts), HC=humongous(continues), CS=collection set, F=free, OA=open archive, CA=closed archive, TAMS=top-at-mark-start (previous, next)
|   0|0x0000000704a00000, 0x0000000704a00000, 0x0000000704c00000|  0%| F|  |TAMS 0x0000000704a00000, 0x0000000704a00000| Untracked 
|   1|0x0000000704c00000, 0x0000000704c00000, 0x0000000704e00000|  0%| F|  |TAMS 0x0000000704c00000, 0x0000000704c00000| Untracked 
|   2|0x0000000704e00000, 0x0000000704e00000, 0x0000000705000000|  0%| F|  |TAMS 0x0000000704e00000, 0x0000000704e00000| Untracked 
|   3|0x0000000705000000, 0x0000000705000000, 0x0000000705200000|  0%| F|  |TAMS 0x0000000705000000, 0x0000000705000000| Untracked 
|   4|0x0000000705200000, 0x0000000705200000, 0x0000000705400000|  0%| F|  |TAMS 0x0000000705200000, 0x0000000705200000| Untracked 
|   5|0x0000000705400000, 0x0000000705400000, 0x0000000705600000|  0%| F|  |TAMS 0x0000000705400000, 0x0000000705400000| Untracked 
|   6|0x0000000705600000, 0x0000000705600000, 0x0000000705800000|  0%| F|  |TAMS 0x0000000705600000, 0x0000000705600000| Untracked 
|   7|0x0000000705800000, 0x0000000705800000, 0x0000000705a00000|  0%| F|  |TAMS 0x0000000705800000, 0x0000000705800000| Untracked 
|   8|0x0000000705a00000, 0x0000000705a00000, 0x0000000705c00000|  0%| F|  |TAMS 0x0000000705a00000, 0x0000000705a00000| Untracked 
|   9|0x0000000705c00000, 0x0000000705c00000, 0x0000000705e00000|  0%| F|  |TAMS 0x0000000705c00000, 0x0000000705c00000| Untracked 
|  10|0x0000000705e00000, 0x0000000705e00000, 0x0000000706000000|  0%| F|  |TAMS 0x0000000705e00000, 0x0000000705e00000| Untracked 
|  11|0x0000000706000000, 0x0000000706000000, 0x0000000706200000|  0%| F|  |TAMS 0x0000000706000000, 0x0000000706000000| Untracked 
|  12|0x0000000706200000, 0x0000000706200000, 0x0000000706400000|  0%| F|  |TAMS 0x0000000706200000, 0x0000000706200000| Untracked 
|  13|0x0000000706400000, 0x0000000706400000, 0x0000000706600000|  0%| F|  |TAMS 0x0000000706400000, 0x0000000706400000| Untracked 
|  14|0x0000000706600000, 0x0000000706600000, 0x0000000706800000|  0%| F|  |TAMS 0x0000000706600000, 0x0000000706600000| Untracked 
|  15|0x0000000706800000, 0x0000000706800000, 0x0000000706a00000|  0%| F|  |TAMS 0x0000000706800000, 0x0000000706800000| Untracked 
|  16|0x0000000706a00000, 0x0000000706a00000, 0x0000000706c00000|  0%| F|  |TAMS 0x0000000706a00000, 0x0000000706a00000| Untracked 
|  17|0x0000000706c00000, 0x0000000706c00000, 0x0000000706e00000|  0%| F|  |TAMS 0x0000000706c00000, 0x0000000706c00000| Untracked 
|  18|0x0000000706e00000, 0x0000000706e00000, 0x0000000707000000|  0%| F|  |TAMS 0x0000000706e00000, 0x0000000706e00000| Untracked 
|  19|0x0000000707000000, 0x0000000707000000, 0x0000000707200000|  0%| F|  |TAMS 0x0000000707000000, 0x0000000707000000| Untracked 
|  20|0x0000000707200000, 0x0000000707200000, 0x0000000707400000|  0%| F|  |TAMS 0x0000000707200000, 0x0000000707200000| Untracked 
|  21|0x0000000707400000, 0x0000000707400000, 0x0000000707600000|  0%| F|  |TAMS 0x0000000707400000, 0x0000000707400000| Untracked 
|  22|0x0000000707600000, 0x0000000707600000, 0x0000000707800000|  0%| F|  |TAMS 0x0000000707600000, 0x0000000707600000| Untracked 
|  23|0x0000000707800000, 0x0000000707800000, 0x0000000707a00000|  0%| F|  |TAMS 0x0000000707800000, 0x0000000707800000| Untracked 
|  24|0x0000000707a00000, 0x0000000707a00000, 0x0000000707c00000|  0%| F|  |TAMS 0x0000000707a00000, 0x0000000707a00000| Untracked 
|  25|0x0000000707c00000, 0x0000000707c00000, 0x0000000707e00000|  0%| F|  |TAMS 0x0000000707c00000, 0x0000000707c00000| Untracked 
|  26|0x0000000707e00000, 0x0000000707e00000, 0x0000000708000000|  0%| F|  |TAMS 0x0000000707e00000, 0x0000000707e00000| Untracked 
|  27|0x0000000708000000, 0x0000000708000000, 0x0000000708200000|  0%| F|  |TAMS 0x0000000708000000, 0x0000000708000000| Untracked 
|  28|0x0000000708200000, 0x0000000708200000, 0x0000000708400000|  0%| F|  |TAMS 0x0000000708200000, 0x0000000708200000| Untracked 
|  29|0x0000000708400000, 0x0000000708400000, 0x0000000708600000|  0%| F|  |TAMS 0x0000000708400000, 0x0000000708400000| Untracked 
|  30|0x0000000708600000, 0x0000000708600000, 0x0000000708800000|  0%| F|  |TAMS 0x0000000708600000, 0x0000000708600000| Untracked 
|  31|0x0000000708800000, 0x0000000708800000, 0x0000000708a00000|  0%| F|  |TAMS 0x0000000708800000, 0x0000000708800000| Untracked 
|  32|0x0000000708a00000, 0x0000000708a00000, 0x0000000708c00000|  0%| F|  |TAMS 0x0000000708a00000, 0x0000000708a00000| Untracked 
|  33|0x0000000708c00000, 0x0000000708c00000, 0x0000000708e00000|  0%| F|  |TAMS 0x0000000708c00000, 0x0000000708c00000| Untracked 
|  34|0x0000000708e00000, 0x0000000708e00000, 0x0000000709000000|  0%| F|  |TAMS 0x0000000708e00000, 0x0000000708e00000| Untracked 
|  35|0x0000000709000000, 0x0000000709000000, 0x0000000709200000|  0%| F|  |TAMS 0x0000000709000000, 0x0000000709000000| Untracked 
|  36|0x0000000709200000, 0x0000000709200000, 0x0000000709400000|  0%| F|  |TAMS 0x0000000709200000, 0x0000000709200000| Untracked 
|  37|0x0000000709400000, 0x0000000709400000, 0x0000000709600000|  0%| F|  |TAMS 0x0000000709400000, 0x0000000709400000| Untracked 
|  38|0x0000000709600000, 0x0000000709600000, 0x0000000709800000|  0%| F|  |TAMS 0x0000000709600000, 0x0000000709600000| Untracked 
|  39|0x0000000709800000, 0x0000000709800000, 0x0000000709a00000|  0%| F|  |TAMS 0x0000000709800000, 0x0000000709800000| Untracked 
|  40|0x0000000709a00000, 0x0000000709a00000, 0x0000000709c00000|  0%| F|  |TAMS 0x0000000709a00000, 0x0000000709a00000| Untracked 
|  41|0x0000000709c00000, 0x0000000709c00000, 0x0000000709e00000|  0%| F|  |TAMS 0x0000000709c00000, 0x0000000709c00000| Untracked 
|  42|0x0000000709e00000, 0x0000000709e00000, 0x000000070a000000|  0%| F|  |TAMS 0x0000000709e00000, 0x0000000709e00000| Untracked 
|  43|0x000000070a000000, 0x000000070a000000, 0x000000070a200000|  0%| F|  |TAMS 0x000000070a000000, 0x000000070a000000| Untracked 
|  44|0x000000070a200000, 0x000000070a200000, 0x000000070a400000|  0%| F|  |TAMS 0x000000070a200000, 0x000000070a200000| Untracked 
|  45|0x000000070a400000, 0x000000070a400000, 0x000000070a600000|  0%| F|  |TAMS 0x000000070a400000, 0x000000070a400000| Untracked 
|  46|0x000000070a600000, 0x000000070a600000, 0x000000070a800000|  0%| F|  |TAMS 0x000000070a600000, 0x000000070a600000| Untracked 
|  47|0x000000070a800000, 0x000000070a800000, 0x000000070aa00000|  0%| F|  |TAMS 0x000000070a800000, 0x000000070a800000| Untracked 
|  48|0x000000070aa00000, 0x000000070aa00000, 0x000000070ac00000|  0%| F|  |TAMS 0x000000070aa00000, 0x000000070aa00000| Untracked 
|  49|0x000000070ac00000, 0x000000070ad5cf50, 0x000000070ae00000| 68%| S|CS|TAMS 0x000000070ac00000, 0x000000070ac00000| Complete 
|  50|0x000000070ae00000, 0x000000070b000000, 0x000000070b000000|100%| S|CS|TAMS 0x000000070ae00000, 0x000000070ae00000| Complete 
|  51|0x000000070b000000, 0x000000070b000000, 0x000000070b200000|  0%| F|  |TAMS 0x000000070b000000, 0x000000070b000000| Untracked 
|  52|0x000000070b200000, 0x000000070b200000, 0x000000070b400000|  0%| F|  |TAMS 0x000000070b200000, 0x000000070b200000| Untracked 
|  53|0x000000070b400000, 0x000000070b400000, 0x000000070b600000|  0%| F|  |TAMS 0x000000070b400000, 0x000000070b400000| Untracked 
|  54|0x000000070b600000, 0x000000070b600000, 0x000000070b800000|  0%| F|  |TAMS 0x000000070b600000, 0x000000070b600000| Untracked 
|  55|0x000000070b800000, 0x000000070b800000, 0x000000070ba00000|  0%| F|  |TAMS 0x000000070b800000, 0x000000070b800000| Untracked 
|  56|0x000000070ba00000, 0x000000070ba00000, 0x000000070bc00000|  0%| F|  |TAMS 0x000000070ba00000, 0x000000070ba00000| Untracked 
|  57|0x000000070bc00000, 0x000000070bc00000, 0x000000070be00000|  0%| F|  |TAMS 0x000000070bc00000, 0x000000070bc00000| Untracked 
|  58|0x000000070be00000, 0x000000070be00000, 0x000000070c000000|  0%| F|  |TAMS 0x000000070be00000, 0x000000070be00000| Untracked 
|  59|0x000000070c000000, 0x000000070c000000, 0x000000070c200000|  0%| F|  |TAMS 0x000000070c000000, 0x000000070c000000| Untracked 
|  60|0x000000070c200000, 0x000000070c200000, 0x000000070c400000|  0%| F|  |TAMS 0x000000070c200000, 0x000000070c200000| Untracked 
|  61|0x000000070c400000, 0x000000070c400000, 0x000000070c600000|  0%| F|  |TAMS 0x000000070c400000, 0x000000070c400000| Untracked 
|  62|0x000000070c600000, 0x000000070c600000, 0x000000070c800000|  0%| F|  |TAMS 0x000000070c600000, 0x000000070c600000| Untracked 
|  63|0x000000070c800000, 0x000000070c800000, 0x000000070ca00000|  0%| F|  |TAMS 0x000000070c800000, 0x000000070c800000| Untracked 
|  64|0x000000070ca00000, 0x000000070ca00000, 0x000000070cc00000|  0%| F|  |TAMS 0x000000070ca00000, 0x000000070ca00000| Untracked 
|  65|0x000000070cc00000, 0x000000070cc00000, 0x000000070ce00000|  0%| F|  |TAMS 0x000000070cc00000, 0x000000070cc00000| Untracked 
|  66|0x000000070ce00000, 0x000000070ce00000, 0x000000070d000000|  0%| F|  |TAMS 0x000000070ce00000, 0x000000070ce00000| Untracked 
|  67|0x000000070d000000, 0x000000070d000000, 0x000000070d200000|  0%| F|  |TAMS 0x000000070d000000, 0x000000070d000000| Untracked 
|  68|0x000000070d200000, 0x000000070d200000, 0x000000070d400000|  0%| F|  |TAMS 0x000000070d200000, 0x000000070d200000| Untracked 
|  69|0x000000070d400000, 0x000000070d400000, 0x000000070d600000|  0%| F|  |TAMS 0x000000070d400000, 0x000000070d400000| Untracked 
|  70|0x000000070d600000, 0x000000070d600000, 0x000000070d800000|  0%| F|  |TAMS 0x000000070d600000, 0x000000070d600000| Untracked 
|  71|0x000000070d800000, 0x000000070d800000, 0x000000070da00000|  0%| F|  |TAMS 0x000000070d800000, 0x000000070d800000| Untracked 
|  72|0x000000070da00000, 0x000000070da00000, 0x000000070dc00000|  0%| F|  |TAMS 0x000000070da00000, 0x000000070da00000| Untracked 
|  73|0x000000070dc00000, 0x000000070dc00000, 0x000000070de00000|  0%| F|  |TAMS 0x000000070dc00000, 0x000000070dc00000| Untracked 
|  74|0x000000070de00000, 0x000000070de00000, 0x000000070e000000|  0%| F|  |TAMS 0x000000070de00000, 0x000000070de00000| Untracked 
|  75|0x000000070e000000, 0x000000070e000000, 0x000000070e200000|  0%| F|  |TAMS 0x000000070e000000, 0x000000070e000000| Untracked 
|  76|0x000000070e200000, 0x000000070e200000, 0x000000070e400000|  0%| F|  |TAMS 0x000000070e200000, 0x000000070e200000| Untracked 
|  77|0x000000070e400000, 0x000000070e400000, 0x000000070e600000|  0%| F|  |TAMS 0x000000070e400000, 0x000000070e400000| Untracked 
|  78|0x000000070e600000, 0x000000070e600000, 0x000000070e800000|  0%| F|  |TAMS 0x000000070e600000, 0x000000070e600000| Untracked 
|  79|0x000000070e800000, 0x000000070e800000, 0x000000070ea00000|  0%| F|  |TAMS 0x000000070e800000, 0x000000070e800000| Untracked 
|  80|0x000000070ea00000, 0x000000070ea00000, 0x000000070ec00000|  0%| F|  |TAMS 0x000000070ea00000, 0x000000070ea00000| Untracked 
|  81|0x000000070ec00000, 0x000000070ec00000, 0x000000070ee00000|  0%| F|  |TAMS 0x000000070ec00000, 0x000000070ec00000| Untracked 
|  82|0x000000070ee00000, 0x000000070ee00000, 0x000000070f000000|  0%| F|  |TAMS 0x000000070ee00000, 0x000000070ee00000| Untracked 
|  83|0x000000070f000000, 0x000000070f000000, 0x000000070f200000|  0%| F|  |TAMS 0x000000070f000000, 0x000000070f000000| Untracked 
|  84|0x000000070f200000, 0x000000070f200000, 0x000000070f400000|  0%| F|  |TAMS 0x000000070f200000, 0x000000070f200000| Untracked 
|  85|0x000000070f400000, 0x000000070f400000, 0x000000070f600000|  0%| F|  |TAMS 0x000000070f400000, 0x000000070f400000| Untracked 
|  86|0x000000070f600000, 0x000000070f600000, 0x000000070f800000|  0%| F|  |TAMS 0x000000070f600000, 0x000000070f600000| Untracked 
|  87|0x000000070f800000, 0x000000070f800000, 0x000000070fa00000|  0%| F|  |TAMS 0x000000070f800000, 0x000000070f800000| Untracked 
|  88|0x000000070fa00000, 0x000000070fa00000, 0x000000070fc00000|  0%| F|  |TAMS 0x000000070fa00000, 0x000000070fa00000| Untracked 
|  89|0x000000070fc00000, 0x000000070fc00000, 0x000000070fe00000|  0%| F|  |TAMS 0x000000070fc00000, 0x000000070fc00000| Untracked 
|  90|0x000000070fe00000, 0x000000070fe00000, 0x0000000710000000|  0%| F|  |TAMS 0x000000070fe00000, 0x000000070fe00000| Untracked 
|  91|0x0000000710000000, 0x0000000710000000, 0x0000000710200000|  0%| F|  |TAMS 0x0000000710000000, 0x0000000710000000| Untracked 
|  92|0x0000000710200000, 0x0000000710200000, 0x0000000710400000|  0%| F|  |TAMS 0x0000000710200000, 0x0000000710200000| Untracked 
|  93|0x0000000710400000, 0x0000000710400000, 0x0000000710600000|  0%| F|  |TAMS 0x0000000710400000, 0x0000000710400000| Untracked 
|  94|0x0000000710600000, 0x0000000710600000, 0x0000000710800000|  0%| F|  |TAMS 0x0000000710600000, 0x0000000710600000| Untracked 
|  95|0x0000000710800000, 0x0000000710800000, 0x0000000710a00000|  0%| F|  |TAMS 0x0000000710800000, 0x0000000710800000| Untracked 
|  96|0x0000000710a00000, 0x0000000710a00000, 0x0000000710c00000|  0%| F|  |TAMS 0x0000000710a00000, 0x0000000710a00000| Untracked 
|  97|0x0000000710c00000, 0x0000000710c00000, 0x0000000710e00000|  0%| F|  |TAMS 0x0000000710c00000, 0x0000000710c00000| Untracked 
|  98|0x0000000710e00000, 0x0000000710e00000, 0x0000000711000000|  0%| F|  |TAMS 0x0000000710e00000, 0x0000000710e00000| Untracked 
|  99|0x0000000711000000, 0x0000000711000000, 0x0000000711200000|  0%| F|  |TAMS 0x0000000711000000, 0x0000000711000000| Untracked 
| 100|0x0000000711200000, 0x0000000711200000, 0x0000000711400000|  0%| F|  |TAMS 0x0000000711200000, 0x0000000711200000| Untracked 
| 101|0x0000000711400000, 0x0000000711400000, 0x0000000711600000|  0%| F|  |TAMS 0x0000000711400000, 0x0000000711400000| Untracked 
| 102|0x0000000711600000, 0x0000000711600000, 0x0000000711800000|  0%| F|  |TAMS 0x0000000711600000, 0x0000000711600000| Untracked 
| 103|0x0000000711800000, 0x0000000711800000, 0x0000000711a00000|  0%| F|  |TAMS 0x0000000711800000, 0x0000000711800000| Untracked 
| 104|0x0000000711a00000, 0x0000000711a00000, 0x0000000711c00000|  0%| F|  |TAMS 0x0000000711a00000, 0x0000000711a00000| Untracked 
| 105|0x0000000711c00000, 0x0000000711c00000, 0x0000000711e00000|  0%| F|  |TAMS 0x0000000711c00000, 0x0000000711c00000| Untracked 
| 106|0x0000000711e00000, 0x0000000711e00000, 0x0000000712000000|  0%| F|  |TAMS 0x0000000711e00000, 0x0000000711e00000| Untracked 
| 107|0x0000000712000000, 0x0000000712000000, 0x0000000712200000|  0%| F|  |TAMS 0x0000000712000000, 0x0000000712000000| Untracked 
| 108|0x0000000712200000, 0x0000000712200000, 0x0000000712400000|  0%| F|  |TAMS 0x0000000712200000, 0x0000000712200000| Untracked 
| 109|0x0000000712400000, 0x0000000712400000, 0x0000000712600000|  0%| F|  |TAMS 0x0000000712400000, 0x0000000712400000| Untracked 
| 110|0x0000000712600000, 0x0000000712600000, 0x0000000712800000|  0%| F|  |TAMS 0x0000000712600000, 0x0000000712600000| Untracked 
| 111|0x0000000712800000, 0x0000000712800000, 0x0000000712a00000|  0%| F|  |TAMS 0x0000000712800000, 0x0000000712800000| Untracked 
| 112|0x0000000712a00000, 0x0000000712a00000, 0x0000000712c00000|  0%| F|  |TAMS 0x0000000712a00000, 0x0000000712a00000| Untracked 
| 113|0x0000000712c00000, 0x0000000712c00000, 0x0000000712e00000|  0%| F|  |TAMS 0x0000000712c00000, 0x0000000712c00000| Untracked 
| 114|0x0000000712e00000, 0x0000000712e00000, 0x0000000713000000|  0%| F|  |TAMS 0x0000000712e00000, 0x0000000712e00000| Untracked 
| 115|0x0000000713000000, 0x0000000713000000, 0x0000000713200000|  0%| F|  |TAMS 0x0000000713000000, 0x0000000713000000| Untracked 
| 116|0x0000000713200000, 0x000000071334af20, 0x0000000713400000| 64%| E|  |TAMS 0x0000000713200000, 0x0000000713200000| Complete 
| 117|0x0000000713400000, 0x0000000713600000, 0x0000000713600000|100%| E|CS|TAMS 0x0000000713400000, 0x0000000713400000| Complete 
| 118|0x0000000713600000, 0x0000000713800000, 0x0000000713800000|100%| E|CS|TAMS 0x0000000713600000, 0x0000000713600000| Complete 
| 119|0x0000000713800000, 0x0000000713a00000, 0x0000000713a00000|100%| E|CS|TAMS 0x0000000713800000, 0x0000000713800000| Complete 
| 120|0x0000000713a00000, 0x0000000713c00000, 0x0000000713c00000|100%| E|CS|TAMS 0x0000000713a00000, 0x0000000713a00000| Complete 
| 121|0x0000000713c00000, 0x0000000713e00000, 0x0000000713e00000|100%| E|CS|TAMS 0x0000000713c00000, 0x0000000713c00000| Complete 
| 122|0x0000000713e00000, 0x0000000714000000, 0x0000000714000000|100%| E|CS|TAMS 0x0000000713e00000, 0x0000000713e00000| Complete 
| 123|0x0000000714000000, 0x0000000714200000, 0x0000000714200000|100%| E|  |TAMS 0x0000000714000000, 0x0000000714000000| Complete 
| 124|0x0000000714200000, 0x0000000714400000, 0x0000000714400000|100%| E|CS|TAMS 0x0000000714200000, 0x0000000714200000| Complete 
| 125|0x0000000714400000, 0x0000000714600000, 0x0000000714600000|100%| E|CS|TAMS 0x0000000714400000, 0x0000000714400000| Complete 

Card table byte_map: [0x0000028b30ed0000,0x0000028b316b0000] _byte_map_base: 0x0000028b2d6ab000

Marking Bits (Prev, Next): (CMBitMap*) 0x0000028b194c50f0, (CMBitMap*) 0x0000028b194c5130
 Prev Bits: [0x0000028b31e90000, 0x0000028b35d68000)
 Next Bits: [0x0000028b35d70000, 0x0000028b39c48000)

Polling page: 0x0000028b17460000

Metaspace:

Usage:
  Non-class:      5.92 MB used.
      Class:    757.92 KB used.
       Both:      6.66 MB used.

Virtual space:
  Non-class space:       64.00 MB reserved,       6.06 MB (  9%) committed,  1 nodes.
      Class space:        1.00 GB reserved,     832.00 KB ( <1%) committed,  1 nodes.
             Both:        1.06 GB reserved,       6.88 MB ( <1%) committed. 

Chunk freelists:
   Non-Class:  784.00 KB
       Class:  3.20 MB
        Both:  3.96 MB

MaxMetaspaceSize: unlimited
CompressedClassSpaceSize: 1.00 GB
Initial GC threshold: 21.00 MB
Current GC threshold: 21.00 MB
CDS: on
MetaspaceReclaimPolicy: balanced
 - commit_granule_bytes: 65536.
 - commit_granule_words: 8192.
 - virtual_space_node_default_size: 8388608.
 - enlarge_chunks_in_place: 1.
 - new_chunks_are_fully_committed: 0.
 - uncommit_free_chunks: 1.
 - use_allocation_guard: 0.


Internal statistics:

num_allocs_failed_limit: 0.
num_arena_births: 126.
num_arena_deaths: 0.
num_vsnodes_births: 2.
num_vsnodes_deaths: 0.
num_space_committed: 109.
num_space_uncommitted: 0.
num_chunks_returned_to_freelist: 0.
num_chunks_taken_from_freelist: 370.
num_chunk_merges: 0.
num_chunk_splits: 206.
num_chunks_enlarged: 125.
num_inconsistent_stats: 0.

CodeHeap 'non-profiled nmethods': size=120000Kb used=643Kb max_used=643Kb free=119357Kb
 bounds [0x0000028b28e90000, 0x0000028b29100000, 0x0000028b303c0000]
CodeHeap 'profiled nmethods': size=120000Kb used=3270Kb max_used=3270Kb free=116729Kb
 bounds [0x0000028b213c0000, 0x0000028b21700000, 0x0000028b288f0000]
CodeHeap 'non-nmethods': size=5760Kb used=1269Kb max_used=1312Kb free=4490Kb
 bounds [0x0000028b288f0000, 0x0000028b28b60000, 0x0000028b28e90000]
 total_blobs=2144 nmethods=1683 adapters=371
 compilation: enabled
              stopped_count=0, restarted_count=0
 full_count=0

Compilation events (20 events):
Event: 3.692 Thread 0x0000028b3c6a2e90 1674       4       javassist.bytecode.ByteVector::copy (23 bytes)
Event: 3.693 Thread 0x0000028b3c6a2e90 nmethod 1674 0x0000028b28f2d590 code [0x0000028b28f2d720, 0x0000028b28f2d8d8]
Event: 3.693 Thread 0x0000028b3c6a2e90 1675       4       javassist.bytecode.CodeAttribute::<init> (41 bytes)
Event: 3.710 Thread 0x0000028b3c6a2e90 nmethod 1675 0x0000028b28f2da10 code [0x0000028b28f2dc00, 0x0000028b28f2e848]
Event: 3.712 Thread 0x0000028b4154e750 nmethod 1673 0x0000028b28f2ef10 code [0x0000028b28f2f120, 0x0000028b28f302e8]
Event: 6.778 Thread 0x0000028b3c6ac3e0 1676  s    3       java.io.ByteArrayOutputStream::write (32 bytes)
Event: 6.778 Thread 0x0000028b3c6ac3e0 nmethod 1676 0x0000028b216eed90 code [0x0000028b216eef40, 0x0000028b216ef188]
Event: 6.778 Thread 0x0000028b3c6ac3e0 1678       3       java.io.DataOutputStream::incCount (20 bytes)
Event: 6.778 Thread 0x0000028b3c6ac3e0 nmethod 1678 0x0000028b216ef290 code [0x0000028b216ef420, 0x0000028b216ef578]
Event: 6.778 Thread 0x0000028b3c6ac3e0 1677  s    3       java.io.ByteArrayOutputStream::write (43 bytes)
Event: 6.779 Thread 0x0000028b3c6ac3e0 nmethod 1677 0x0000028b216ef610 code [0x0000028b216ef800, 0x0000028b216efc88]
Event: 6.779 Thread 0x0000028b3c6ac3e0 1679       3       java.io.DataOutputStream::writeByte (14 bytes)
Event: 6.779 Thread 0x0000028b3c6ac3e0 nmethod 1679 0x0000028b216efe90 code [0x0000028b216f0040, 0x0000028b216f02c8]
Event: 6.779 Thread 0x0000028b3c6ac3e0 1680       3       java.io.DataOutputStream::writeInt (62 bytes)
Event: 6.779 Thread 0x0000028b3c6ac3e0 nmethod 1680 0x0000028b216f0410 code [0x0000028b216f05e0, 0x0000028b216f0928]
Event: 6.779 Thread 0x0000028b3c6ac3e0 1681       3       javassist.bytecode.IntegerInfo::write (14 bytes)
Event: 6.780 Thread 0x0000028b3c6ac3e0 nmethod 1681 0x0000028b216f0a90 code [0x0000028b216f0c60, 0x0000028b216f0f98]
Event: 6.780 Thread 0x0000028b3c6ac3e0 1682       3       java.io.DataOutputStream::writeShort (40 bytes)
Event: 6.780 Thread 0x0000028b3c6ac3e0 nmethod 1682 0x0000028b216f1110 code [0x0000028b216f12c0, 0x0000028b216f15c8]
Event: 6.783 Thread 0x0000028b3c6ac3e0 1683       3       edu.caltech.cs2.helpers.RuntimeCounter::inc (9 bytes)

GC Heap History (20 events):
Event: 1.028 GC heap before
{Heap before GC invocations=0 (full 0):
 garbage-first heap   total 258048K, used 22528K [0x0000000704a00000, 0x0000000800000000)
  region size 2048K, 11 young (22528K), 0 survivors (0K)
 Metaspace       used 5102K, committed 5248K, reserved 1114112K
  class space    used 608K, committed 704K, reserved 1048576K
}
Event: 1.033 GC heap after
{Heap after GC invocations=1 (full 0):
 garbage-first heap   total 258048K, used 2303K [0x0000000704a00000, 0x0000000800000000)
  region size 2048K, 2 young (4096K), 2 survivors (4096K)
 Metaspace       used 5102K, committed 5248K, reserved 1114112K
  class space    used 608K, committed 704K, reserved 1048576K
}
Event: 1.563 GC heap before
{Heap before GC invocations=1 (full 0):
 garbage-first heap   total 258048K, used 41215K [0x0000000704a00000, 0x0000000800000000)
  region size 2048K, 22 young (45056K), 2 survivors (4096K)
 Metaspace       used 6689K, committed 6912K, reserved 1114112K
  class space    used 756K, committed 832K, reserved 1048576K
}
Event: 1.568 GC heap after
{Heap after GC invocations=2 (full 0):
 garbage-first heap   total 258048K, used 3266K [0x0000000704a00000, 0x0000000800000000)
  region size 2048K, 2 young (4096K), 2 survivors (4096K)
 Metaspace       used 6689K, committed 6912K, reserved 1114112K
  class space    used 756K, committed 832K, reserved 1048576K
}
Event: 2.434 GC heap before
{Heap before GC invocations=2 (full 0):
 garbage-first heap   total 258048K, used 122050K [0x0000000704a00000, 0x0000000800000000)
  region size 2048K, 61 young (124928K), 2 survivors (4096K)
 Metaspace       used 6693K, committed 6912K, reserved 1114112K
  class space    used 756K, committed 832K, reserved 1048576K
}
Event: 2.438 GC heap after
{Heap after GC invocations=3 (full 0):
 garbage-first heap   total 258048K, used 3484K [0x0000000704a00000, 0x0000000800000000)
  region size 2048K, 2 young (4096K), 2 survivors (4096K)
 Metaspace       used 6693K, committed 6912K, reserved 1114112K
  class space    used 756K, committed 832K, reserved 1048576K
}
Event: 3.231 GC heap before
{Heap before GC invocations=3 (full 0):
 garbage-first heap   total 258048K, used 150940K [0x0000000704a00000, 0x0000000800000000)
  region size 2048K, 75 young (153600K), 2 survivors (4096K)
 Metaspace       used 6693K, committed 6912K, reserved 1114112K
  class space    used 756K, committed 832K, reserved 1048576K
}
Event: 3.236 GC heap after
{Heap after GC invocations=4 (full 0):
 garbage-first heap   total 258048K, used 3473K [0x0000000704a00000, 0x0000000800000000)
  region size 2048K, 2 young (4096K), 2 survivors (4096K)
 Metaspace       used 6693K, committed 6912K, reserved 1114112K
  class space    used 756K, committed 832K, reserved 1048576K
}
Event: 3.882 GC heap before
{Heap before GC invocations=4 (full 0):
 garbage-first heap   total 258048K, used 150929K [0x0000000704a00000, 0x0000000800000000)
  region size 2048K, 75 young (153600K), 2 survivors (4096K)
 Metaspace       used 6693K, committed 6912K, reserved 1114112K
  class space    used 756K, committed 832K, reserved 1048576K
}
Event: 3.885 GC heap after
{Heap after GC invocations=5 (full 0):
 garbage-first heap   total 258048K, used 3410K [0x0000000704a00000, 0x0000000800000000)
  region size 2048K, 2 young (4096K), 2 survivors (4096K)
 Metaspace       used 6693K, committed 6912K, reserved 1114112K
  class space    used 756K, committed 832K, reserved 1048576K
}
Event: 4.469 GC heap before
{Heap before GC invocations=5 (full 0):
 garbage-first heap   total 258048K, used 150866K [0x0000000704a00000, 0x0000000800000000)
  region size 2048K, 75 young (153600K), 2 survivors (4096K)
 Metaspace       used 6693K, committed 6912K, reserved 1114112K
  class space    used 756K, committed 832K, reserved 1048576K
}
Event: 4.471 GC heap after
{Heap after GC invocations=6 (full 0):
 garbage-first heap   total 258048K, used 3383K [0x0000000704a00000, 0x0000000800000000)
  region size 2048K, 2 young (4096K), 2 survivors (4096K)
 Metaspace       used 6693K, committed 6912K, reserved 1114112K
  class space    used 756K, committed 832K, reserved 1048576K
}
Event: 5.054 GC heap before
{Heap before GC invocations=6 (full 0):
 garbage-first heap   total 258048K, used 150839K [0x0000000704a00000, 0x0000000800000000)
  region size 2048K, 75 young (153600K), 2 survivors (4096K)
 Metaspace       used 6693K, committed 6912K, reserved 1114112K
  class space    used 756K, committed 832K, reserved 1048576K
}
Event: 5.057 GC heap after
{Heap after GC invocations=7 (full 0):
 garbage-first heap   total 258048K, used 3395K [0x0000000704a00000, 0x0000000800000000)
  region size 2048K, 2 young (4096K), 2 survivors (4096K)
 Metaspace       used 6693K, committed 6912K, reserved 1114112K
  class space    used 756K, committed 832K, reserved 1048576K
}
Event: 5.652 GC heap before
{Heap before GC invocations=7 (full 0):
 garbage-first heap   total 258048K, used 150851K [0x0000000704a00000, 0x0000000800000000)
  region size 2048K, 75 young (153600K), 2 survivors (4096K)
 Metaspace       used 6693K, committed 6912K, reserved 1114112K
  class space    used 756K, committed 832K, reserved 1048576K
}
Event: 5.655 GC heap after
{Heap after GC invocations=8 (full 0):
 garbage-first heap   total 258048K, used 3429K [0x0000000704a00000, 0x0000000800000000)
  region size 2048K, 2 young (4096K), 2 survivors (4096K)
 Metaspace       used 6693K, committed 6912K, reserved 1114112K
  class space    used 756K, committed 832K, reserved 1048576K
}
Event: 6.229 GC heap before
{Heap before GC invocations=8 (full 0):
 garbage-first heap   total 258048K, used 150885K [0x0000000704a00000, 0x0000000800000000)
  region size 2048K, 75 young (153600K), 2 survivors (4096K)
 Metaspace       used 6693K, committed 6912K, reserved 1114112K
  class space    used 756K, committed 832K, reserved 1048576K
}
Event: 6.232 GC heap after
{Heap after GC invocations=9 (full 0):
 garbage-first heap   total 258048K, used 3500K [0x0000000704a00000, 0x0000000800000000)
  region size 2048K, 2 young (4096K), 2 survivors (4096K)
 Metaspace       used 6693K, committed 6912K, reserved 1114112K
  class space    used 756K, committed 832K, reserved 1048576K
}
Event: 6.702 GC heap before
{Heap before GC invocations=9 (full 0):
 garbage-first heap   total 258048K, used 150956K [0x0000000704a00000, 0x0000000800000000)
  region size 2048K, 75 young (153600K), 2 survivors (4096K)
 Metaspace       used 6693K, committed 6912K, reserved 1114112K
  class space    used 756K, committed 832K, reserved 1048576K
}
Event: 6.705 GC heap after
{Heap after GC invocations=10 (full 0):
 garbage-first heap   total 258048K, used 3443K [0x0000000704a00000, 0x0000000800000000)
  region size 2048K, 2 young (4096K), 2 survivors (4096K)
 Metaspace       used 6693K, committed 6912K, reserved 1114112K
  class space    used 756K, committed 832K, reserved 1048576K
}

Dll operation events (10 events):
Event: 0.023 Loaded shared library C:\Program Files\Java\jdk-19\bin\java.dll
Event: 0.040 Loaded shared library C:\Program Files\Java\jdk-19\bin\jsvml.dll
Event: 0.168 Loaded shared library C:\Program Files\Java\jdk-19\bin\zip.dll
Event: 0.175 Loaded shared library C:\Program Files\Java\jdk-19\bin\instrument.dll
Event: 0.184 Loaded shared library C:\Program Files\Java\jdk-19\bin\net.dll
Event: 0.187 Loaded shared library C:\Program Files\Java\jdk-19\bin\nio.dll
Event: 0.193 Loaded shared library C:\Program Files\Java\jdk-19\bin\zip.dll
Event: 0.251 Loaded shared library C:\Program Files\JetBrains\IntelliJ IDEA Community Edition 2022.3.1\bin\breakgen64.dll
Event: 0.280 Loaded shared library C:\Program Files\Java\jdk-19\bin\extnet.dll
Event: 0.355 Loaded shared library C:\Program Files\Java\jdk-19\bin\jimage.dll

Deoptimization events (20 events):
Event: 1.331 Thread 0x0000028b19456760 DEOPT PACKING pc=0x0000028b216d4bc7 sp=0x000000d2e14f9d40
Event: 1.331 Thread 0x0000028b19456760 DEOPT UNPACKING pc=0x0000028b2895b0e3 sp=0x000000d2e14f9208 mode 0
Event: 1.331 Thread 0x0000028b19456760 DEOPT PACKING pc=0x0000028b216d4bc7 sp=0x000000d2e14f9d40
Event: 1.331 Thread 0x0000028b19456760 DEOPT UNPACKING pc=0x0000028b2895b0e3 sp=0x000000d2e14f9208 mode 0
Event: 1.331 Thread 0x0000028b19456760 DEOPT PACKING pc=0x0000028b216d4bc7 sp=0x000000d2e14f9d40
Event: 1.331 Thread 0x0000028b19456760 DEOPT UNPACKING pc=0x0000028b2895b0e3 sp=0x000000d2e14f9208 mode 0
Event: 1.332 Thread 0x0000028b19456760 DEOPT PACKING pc=0x0000028b216d4bc7 sp=0x000000d2e14f9d40
Event: 1.332 Thread 0x0000028b19456760 DEOPT UNPACKING pc=0x0000028b2895b0e3 sp=0x000000d2e14f9208 mode 0
Event: 1.332 Thread 0x0000028b19456760 DEOPT PACKING pc=0x0000028b216d4bc7 sp=0x000000d2e14f9d40
Event: 1.332 Thread 0x0000028b19456760 DEOPT UNPACKING pc=0x0000028b2895b0e3 sp=0x000000d2e14f9208 mode 0
Event: 1.333 Thread 0x0000028b19456760 DEOPT PACKING pc=0x0000028b216d4bc7 sp=0x000000d2e14f9d40
Event: 1.333 Thread 0x0000028b19456760 DEOPT UNPACKING pc=0x0000028b2895b0e3 sp=0x000000d2e14f9208 mode 0
Event: 1.334 Thread 0x0000028b19456760 DEOPT PACKING pc=0x0000028b216d4bc7 sp=0x000000d2e14f9d40
Event: 1.334 Thread 0x0000028b19456760 DEOPT UNPACKING pc=0x0000028b2895b0e3 sp=0x000000d2e14f9208 mode 0
Event: 1.334 Thread 0x0000028b19456760 DEOPT PACKING pc=0x0000028b216d4bc7 sp=0x000000d2e14f9d40
Event: 1.334 Thread 0x0000028b19456760 DEOPT UNPACKING pc=0x0000028b2895b0e3 sp=0x000000d2e14f9208 mode 0
Event: 1.334 Thread 0x0000028b19456760 DEOPT PACKING pc=0x0000028b216d4bc7 sp=0x000000d2e14f9d40
Event: 1.334 Thread 0x0000028b19456760 DEOPT UNPACKING pc=0x0000028b2895b0e3 sp=0x000000d2e14f9208 mode 0
Event: 1.335 Thread 0x0000028b19456760 DEOPT PACKING pc=0x0000028b216d4bc7 sp=0x000000d2e14f9d40
Event: 1.335 Thread 0x0000028b19456760 DEOPT UNPACKING pc=0x0000028b2895b0e3 sp=0x000000d2e14f9208 mode 0

Classes loaded (20 events):
Event: 1.147 Loading class sun/util/resources/cldr/TimeZoneNames_en_US
Event: 1.147 Loading class sun/util/resources/cldr/TimeZoneNames_en_US done
Event: 1.193 Loading class sun/net/www/protocol/jrt/JavaRuntimeURLConnection
Event: 1.193 Loading class sun/net/www/protocol/jrt/JavaRuntimeURLConnection done
Event: 1.194 Loading class sun/net/www/protocol/jrt/JavaRuntimeURLConnection$1
Event: 1.194 Loading class sun/net/www/protocol/jrt/JavaRuntimeURLConnection$1 done
Event: 1.194 Loading class jdk/internal/jimage/ImageBufferCache
Event: 1.194 Loading class jdk/internal/jimage/ImageBufferCache done
Event: 1.194 Loading class jdk/internal/jimage/ImageBufferCache$1
Event: 1.194 Loading class jdk/internal/jimage/ImageBufferCache$1 done
Event: 1.194 Loading class jdk/internal/jimage/ImageBufferCache$2
Event: 1.194 Loading class jdk/internal/jimage/ImageBufferCache$2 done
Event: 1.194 Loading class java/util/AbstractMap$SimpleEntry
Event: 1.194 Loading class java/util/AbstractMap$SimpleEntry done
Event: 1.244 Loading class java/lang/invoke/BoundMethodHandle$Species_LJ
Event: 1.244 Loading class java/lang/invoke/BoundMethodHandle$Species_LJ done
Event: 1.245 Loading class java/lang/invoke/BoundMethodHandle$Species_LLLL
Event: 1.245 Loading class java/lang/invoke/BoundMethodHandle$Species_LLLL done
Event: 1.246 Loading class java/lang/invoke/BoundMethodHandle$Species_LLLLL
Event: 1.246 Loading class java/lang/invoke/BoundMethodHandle$Species_LLLLL done

Classes unloaded (0 events):
No events

Classes redefined (0 events):
No events

Internal exceptions (20 events):
Event: 0.781 Thread 0x0000028b19456760 Exception <a 'java/lang/IncompatibleClassChangeError'{0x00000007137d1400}: Found class java.lang.Object, but interface was expected> (0x00000007137d1400) 
thrown [s\open\src\hotspot\share\interpreter\linkResolver.cpp, line 841]
Event: 0.820 Thread 0x0000028b19456760 Exception <a 'java/lang/IncompatibleClassChangeError'{0x00000007134754e0}: Found class java.lang.Object, but interface was expected> (0x00000007134754e0) 
thrown [s\open\src\hotspot\share\interpreter\linkResolver.cpp, line 841]
Event: 0.829 Thread 0x0000028b19456760 Exception <a 'java/lang/NoSuchMethodError'{0x000000071348fe28}: 'java.lang.Object java.lang.invoke.DirectMethodHandle$Holder.invokeStatic(java.lang.Object, java.lang.Object, int)'> (0x000000071348fe28) 
thrown [s\open\src\hotspot\share\interpreter\linkResolver.cpp, line 774]
Event: 0.841 Thread 0x0000028b19456760 Exception <a 'java/lang/NoSuchMethodError'{0x00000007134d9418}: 'int java.lang.invoke.DirectMethodHandle$Holder.invokeStatic(java.lang.Object, java.lang.Object, java.lang.Object, java.lang.Object)'> (0x00000007134d9418) 
thrown [s\open\src\hotspot\share\interpreter\linkResolver.cpp, line 774]
Event: 0.841 Thread 0x0000028b19456760 Exception <a 'java/lang/NoSuchMethodError'{0x00000007134dcd58}: 'java.lang.Object java.lang.invoke.Invokers$Holder.invokeExact_MT(java.lang.Object, java.lang.Object, java.lang.Object, java.lang.Object, java.lang.Object, java.lang.Object)'> (0x00000007134dcd58) 
thrown [s\open\src\hotspot\share\interpreter\linkResolver.cpp, line 774]
Event: 0.842 Thread 0x0000028b19456760 Exception <a 'java/lang/NoSuchMethodError'{0x00000007134e4dd8}: 'int java.lang.invoke.DirectMethodHandle$Holder.invokeInterface(java.lang.Object, java.lang.Object)'> (0x00000007134e4dd8) 
thrown [s\open\src\hotspot\share\interpreter\linkResolver.cpp, line 774]
Event: 0.859 Thread 0x0000028b19456760 Exception <a 'java/lang/NoSuchMethodError'{0x0000000713520568}: 'void java.lang.invoke.DirectMethodHandle$Holder.invokeSpecial(java.lang.Object, java.lang.Object, java.lang.Object, java.lang.Object, java.lang.Object)'> (0x0000000713520568) 
thrown [s\open\src\hotspot\share\interpreter\linkResolver.cpp, line 774]
Event: 0.886 Thread 0x0000028b19456760 Exception <a 'java/lang/NoSuchMethodError'{0x00000007135dab08}: 'void java.lang.invoke.DirectMethodHandle$Holder.invokeInterface(java.lang.Object, java.lang.Object, java.lang.Object, java.lang.Object)'> (0x00000007135dab08) 
thrown [s\open\src\hotspot\share\interpreter\linkResolver.cpp, line 774]
Event: 0.886 Thread 0x0000028b19456760 Exception <a 'java/lang/IncompatibleClassChangeError'{0x00000007135de258}: Found class java.lang.Object, but interface was expected> (0x00000007135de258) 
thrown [s\open\src\hotspot\share\interpreter\linkResolver.cpp, line 841]
Event: 0.890 Thread 0x0000028b19456760 Exception <a 'java/lang/NoSuchMethodError'{0x000000071320a040}: 'void java.lang.invoke.DirectMethodHandle$Holder.invokeStatic(java.lang.Object, java.lang.Object, java.lang.Object, java.lang.Object)'> (0x000000071320a040) 
thrown [s\open\src\hotspot\share\interpreter\linkResolver.cpp, line 774]
Event: 0.895 Thread 0x0000028b19456760 Exception <a 'java/lang/NoSuchMethodError'{0x000000071322c898}: 'java.lang.Object java.lang.invoke.DirectMethodHandle$Holder.newInvokeSpecial(java.lang.Object, java.lang.Object, int)'> (0x000000071322c898) 
thrown [s\open\src\hotspot\share\interpreter\linkResolver.cpp, line 774]
Event: 0.924 Thread 0x0000028b19456760 Exception <a 'java/lang/NoSuchMethodError'{0x00000007132fb020}: 'java.lang.Object java.lang.invoke.DirectMethodHandle$Holder.invokeStaticInit(java.lang.Object)'> (0x00000007132fb020) 
thrown [s\open\src\hotspot\share\interpreter\linkResolver.cpp, line 774]
Event: 0.930 Thread 0x0000028b19456760 Exception <a 'java/lang/NoSuchMethodError'{0x000000071332f838}: 'int java.lang.invoke.DirectMethodHandle$Holder.invokeStatic(java.lang.Object, java.lang.Object, java.lang.Object, java.lang.Object, java.lang.Object)'> (0x000000071332f838) 
thrown [s\open\src\hotspot\share\interpreter\linkResolver.cpp, line 774]
Event: 0.944 Thread 0x0000028b19456760 Exception <a 'java/lang/NoSuchMethodError'{0x00000007133971b8}: 'void java.lang.invoke.DirectMethodHandle$Holder.invokeStaticInit(java.lang.Object)'> (0x00000007133971b8) 
thrown [s\open\src\hotspot\share\interpreter\linkResolver.cpp, line 774]
Event: 0.979 Thread 0x0000028b19456760 Exception <a 'java/lang/NoSuchMethodError'{0x0000000713099f48}: 'int java.lang.invoke.DirectMethodHandle$Holder.invokeStaticInit(java.lang.Object, java.lang.Object)'> (0x0000000713099f48) 
thrown [s\open\src\hotspot\share\interpreter\linkResolver.cpp, line 774]
Event: 1.008 Thread 0x0000028b19456760 Exception <a 'java/lang/NoSuchMethodError'{0x0000000713163a88}: 'java.lang.Object java.lang.invoke.DirectMethodHandle$Holder.newInvokeSpecial(java.lang.Object, java.lang.Object, java.lang.Object, java.lang.Object, java.lang.Object, java.lang.Object, java.lang.Object)'> (0x0000000713163a88) 
thrown [s\open\src\hotspot\share\interpreter\linkResolver.cpp, line 774]
Event: 1.010 Thread 0x0000028b19456760 Exception <a 'java/lang/NoSuchMethodError'{0x0000000713176d40}: 'java.lang.Object java.lang.invoke.DirectMethodHandle$Holder.invokeInterface(java.lang.Object, java.lang.Object, java.lang.Object, java.lang.Object, java.lang.Object)'> (0x0000000713176d40) 
thrown [s\open\src\hotspot\share\interpreter\linkResolver.cpp, line 774]
Event: 1.011 Thread 0x0000028b19456760 Exception <a 'java/lang/IncompatibleClassChangeError'{0x000000071317ab50}: Found class java.lang.Object, but interface was expected> (0x000000071317ab50) 
thrown [s\open\src\hotspot\share\interpreter\linkResolver.cpp, line 841]
Event: 1.042 Thread 0x0000028b19456760 Exception <a 'java/lang/NoSuchMethodError'{0x0000000714427e68}: 'java.lang.Object java.lang.invoke.DirectMethodHandle$Holder.newInvokeSpecial(java.lang.Object, long)'> (0x0000000714427e68) 
thrown [s\open\src\hotspot\share\interpreter\linkResolver.cpp, line 774]
Event: 1.073 Thread 0x0000028b19456760 Exception <a 'java/lang/NoSuchMethodError'{0x000000071457c4b8}: 'void java.lang.invoke.DirectMethodHandle$Holder.invokeVirtual(java.lang.Object, java.lang.Object)'> (0x000000071457c4b8) 
thrown [s\open\src\hotspot\share\interpreter\linkResolver.cpp, line 774]

VM Operations (20 events):
Event: 1.123 Executing VM operation: HandshakeAllThreads
Event: 1.123 Executing VM operation: HandshakeAllThreads done
Event: 1.563 Executing VM operation: G1CollectForAllocation
Event: 1.568 Executing VM operation: G1CollectForAllocation done
Event: 2.434 Executing VM operation: G1CollectForAllocation
Event: 2.438 Executing VM operation: G1CollectForAllocation done
Event: 3.231 Executing VM operation: G1CollectForAllocation
Event: 3.236 Executing VM operation: G1CollectForAllocation done
Event: 3.882 Executing VM operation: G1CollectForAllocation
Event: 3.885 Executing VM operation: G1CollectForAllocation done
Event: 4.468 Executing VM operation: G1CollectForAllocation
Event: 4.471 Executing VM operation: G1CollectForAllocation done
Event: 5.054 Executing VM operation: G1CollectForAllocation
Event: 5.057 Executing VM operation: G1CollectForAllocation done
Event: 5.652 Executing VM operation: G1CollectForAllocation
Event: 5.655 Executing VM operation: G1CollectForAllocation done
Event: 6.229 Executing VM operation: G1CollectForAllocation
Event: 6.232 Executing VM operation: G1CollectForAllocation done
Event: 6.702 Executing VM operation: G1CollectForAllocation
Event: 6.705 Executing VM operation: G1CollectForAllocation done

Events (20 events):
Event: 0.040 Thread 0x0000028b19456760 Thread added: 0x0000028b19456760
Event: 0.074 Thread 0x0000028b3c690450 Thread added: 0x0000028b3c690450
Event: 0.074 Thread 0x0000028b3c691010 Thread added: 0x0000028b3c691010
Event: 0.075 Thread 0x0000028b3c692460 Thread added: 0x0000028b3c692460
Event: 0.075 Thread 0x0000028b3c694e90 Thread added: 0x0000028b3c694e90
Event: 0.075 Thread 0x0000028b3c6988d0 Thread added: 0x0000028b3c6988d0
Event: 0.075 Thread 0x0000028b3c69a210 Thread added: 0x0000028b3c69a210
Event: 0.075 Thread 0x0000028b3c6a2e90 Thread added: 0x0000028b3c6a2e90
Event: 0.076 Thread 0x0000028b3c6ac3e0 Thread added: 0x0000028b3c6ac3e0
Event: 0.076 Thread 0x0000028b3c6bcd30 Thread added: 0x0000028b3c6bcd30
Event: 0.141 Thread 0x0000028b3c662d90 Thread added: 0x0000028b3c662d90
Event: 0.253 Thread 0x0000028b40ab9240 Thread added: 0x0000028b40ab9240
Event: 0.253 Thread 0x0000028b40ab9780 Thread added: 0x0000028b40ab9780
Event: 0.816 Thread 0x0000028b40e7d1e0 Thread added: 0x0000028b40e7d1e0
Event: 1.072 Thread 0x0000028b411e7130 Thread added: 0x0000028b411e7130
Event: 1.309 Thread 0x0000028b41246d30 Thread added: 0x0000028b41246d30
Event: 1.513 Thread 0x0000028b41246d30 Thread exited: 0x0000028b41246d30
Event: 1.999 Thread 0x0000028b40e7d1e0 Thread exited: 0x0000028b40e7d1e0
Event: 3.434 Thread 0x0000028b4154e750 Thread added: 0x0000028b4154e750
Event: 6.778 Thread 0x0000028b4154e750 Thread exited: 0x0000028b4154e750


Dynamic libraries:
0x00007ff69ff20000 - 0x00007ff69ff30000 	C:\Program Files\Java\jdk-19\bin\java.exe
0x00007ffa070a0000 - 0x00007ffa072a9000 	C:\Windows\SYSTEM32\ntdll.dll
0x00007ffa05d90000 - 0x00007ffa05e4e000 	C:\Windows\System32\KERNEL32.DLL
0x00007ffa04990000 - 0x00007ffa04d0c000 	C:\Windows\System32\KERNELBASE.dll
0x00007ffa04710000 - 0x00007ffa04821000 	C:\Windows\System32\ucrtbase.dll
0x00007ff9d05d0000 - 0x00007ff9d05eb000 	C:\Program Files\Java\jdk-19\bin\VCRUNTIME140.dll
0x00007ff9c29f0000 - 0x00007ff9c2a08000 	C:\Program Files\Java\jdk-19\bin\jli.dll
0x00007ffa05c80000 - 0x00007ffa05d2e000 	C:\Windows\System32\ADVAPI32.dll
0x00007ffa05050000 - 0x00007ffa050f3000 	C:\Windows\System32\msvcrt.dll
0x00007ffa04f40000 - 0x00007ffa04fde000 	C:\Windows\System32\sechost.dll
0x00007ffa05e50000 - 0x00007ffa05f70000 	C:\Windows\System32\RPCRT4.dll
0x00007ffa061f0000 - 0x00007ffa0639d000 	C:\Windows\System32\USER32.dll
0x00007ff9f4e20000 - 0x00007ff9f50c5000 	C:\Windows\WinSxS\amd64_microsoft.windows.common-controls_6595b64144ccf1df_6.0.22000.120_none_9d947278b86cc467\COMCTL32.dll
0x00007ffa04d10000 - 0x00007ffa04d36000 	C:\Windows\System32\win32u.dll
0x00007ffa06640000 - 0x00007ffa06669000 	C:\Windows\System32\GDI32.dll
0x00007ffa04570000 - 0x00007ffa04688000 	C:\Windows\System32\gdi32full.dll
0x00007ffa04830000 - 0x00007ffa048cd000 	C:\Windows\System32\msvcp_win.dll
0x00007ff9f9040000 - 0x00007ff9f904a000 	C:\Windows\SYSTEM32\VERSION.dll
0x00007ffa061b0000 - 0x00007ffa061e2000 	C:\Windows\System32\IMM32.DLL
0x00007ff9f89c0000 - 0x00007ff9f89cc000 	C:\Program Files\Java\jdk-19\bin\vcruntime140_1.dll
0x00007ff9bfa00000 - 0x00007ff9bfa8e000 	C:\Program Files\Java\jdk-19\bin\msvcp140.dll
0x00007ff9146a0000 - 0x00007ff915360000 	C:\Program Files\Java\jdk-19\bin\server\jvm.dll
0x00007ff9e5700000 - 0x00007ff9e5709000 	C:\Windows\SYSTEM32\WSOCK32.dll
0x00007ffa063a0000 - 0x00007ffa0640f000 	C:\Windows\System32\WS2_32.dll
0x00007ff9ff430000 - 0x00007ff9ff463000 	C:\Windows\SYSTEM32\WINMM.dll
0x00007ffa036a0000 - 0x00007ffa036b8000 	C:\Windows\SYSTEM32\kernel.appcore.dll
0x00007ff9bf9f0000 - 0x00007ff9bf9fa000 	C:\Program Files\Java\jdk-19\bin\jimage.dll
0x00007ffa01ff0000 - 0x00007ffa02211000 	C:\Windows\SYSTEM32\DBGHELP.DLL
0x00007ff9ff3d0000 - 0x00007ff9ff401000 	C:\Windows\SYSTEM32\dbgcore.DLL
0x00007ffa04690000 - 0x00007ffa0470f000 	C:\Windows\System32\bcryptPrimitives.dll
0x00007ff9bf9e0000 - 0x00007ff9bf9ee000 	C:\Program Files\Java\jdk-19\bin\instrument.dll
0x00007ff9bf970000 - 0x00007ff9bf996000 	C:\Program Files\Java\jdk-19\bin\java.dll
0x00007ff94f550000 - 0x00007ff94f627000 	C:\Program Files\Java\jdk-19\bin\jsvml.dll
0x00007ffa06890000 - 0x00007ffa07055000 	C:\Windows\System32\SHELL32.dll
0x00007ffa02630000 - 0x00007ffa02e95000 	C:\Windows\SYSTEM32\windows.storage.dll
0x00007ffa05360000 - 0x00007ffa056d8000 	C:\Windows\System32\combase.dll
0x00007ffa024c0000 - 0x00007ffa02626000 	C:\Windows\SYSTEM32\wintypes.dll
0x00007ffa06410000 - 0x00007ffa064fa000 	C:\Windows\System32\SHCORE.dll
0x00007ffa05d30000 - 0x00007ffa05d8d000 	C:\Windows\System32\shlwapi.dll
0x00007ffa044a0000 - 0x00007ffa044c1000 	C:\Windows\SYSTEM32\profapi.dll
0x00007ff9bf9c0000 - 0x00007ff9bf9d8000 	C:\Program Files\Java\jdk-19\bin\zip.dll
0x00007ff9bf950000 - 0x00007ff9bf963000 	C:\Program Files\Java\jdk-19\bin\net.dll
0x00007ff9fb650000 - 0x00007ff9fb764000 	C:\Windows\SYSTEM32\WINHTTP.dll
0x00007ffa03b30000 - 0x00007ffa03b97000 	C:\Windows\system32\mswsock.dll
0x00007ff9bf930000 - 0x00007ff9bf946000 	C:\Program Files\Java\jdk-19\bin\nio.dll
0x00007ff9bf910000 - 0x00007ff9bf92a000 	C:\Program Files\JetBrains\IntelliJ IDEA Community Edition 2022.3.1\bin\breakgen64.dll
0x00007ff9bf900000 - 0x00007ff9bf908000 	C:\Program Files\Java\jdk-19\bin\extnet.dll

dbghelp: loaded successfully - version: 4.0.5 - missing functions: none
symbol engine: initialized successfully - sym options: 0x614 - pdb path: .;C:\Program Files\Java\jdk-19\bin;C:\Windows\SYSTEM32;C:\Windows\WinSxS\amd64_microsoft.windows.common-controls_6595b64144ccf1df_6.0.22000.120_none_9d947278b86cc467;C:\Program Files\Java\jdk-19\bin\server;C:\Program Files\JetBrains\IntelliJ IDEA Community Edition 2022.3.1\bin

VM Arguments:
jvm_args: -Xverify:none -ea -javaagent:.idea/libraries/instrumentation.jar -Didea.test.cyclic.buffer.size=1048576 -javaagent:C:\Program Files\JetBrains\IntelliJ IDEA Community Edition 2022.3.1\lib\idea_rt.jar=61164:C:\Program Files\JetBrains\IntelliJ IDEA Community Edition 2022.3.1\bin -Dfile.encoding=UTF-8 -Dsun.stdout.encoding=UTF-8 -Dsun.stderr.encoding=UTF-8 
java_command: com.intellij.rt.junit.JUnitStarter -ideVersion5 -junit5 edu.caltech.cs2.datastructures.ChainingHashDictionaryTests
java_class_path (initial): C:\Users\yourMother\.m2\repository\org\junit\platform\junit-platform-launcher\1.9.2\junit-platform-launcher-1.9.2.jar;C:\Program Files\JetBrains\IntelliJ IDEA Community Edition 2022.3.1\lib\idea_rt.jar;C:\Program Files\JetBrains\IntelliJ IDEA Community Edition 2022.3.1\plugins\junit\lib\junit5-rt.jar;C:\Program Files\JetBrains\IntelliJ IDEA Community Edition 2022.3.1\plugins\junit\lib\junit-rt.jar;C:\Users\yourMother\IdeaProjects\project05-nwelias\out\test\project05-markov;C:\Users\yourMother\IdeaProjects\project05-nwelias\out\production\project05-markov;C:\Users\yourMother\.m2\repository\org\hamcrest\hamcrest\2.2\hamcrest-2.2.jar;C:\Users\yourMother\.m2\repository\org\hamcrest\hamcrest-core\2.2\hamcrest-core-2.2.jar;C:\Users\yourMother\.m2\repository\org\junit\jupiter\junit-jupiter\5.9.2\junit-jupiter-5.9.2.jar;C:\Users\yourMother\.m2\repository\org\junit\jupiter\junit-jupiter-api\5.9.2\junit-jupiter-api-5.9.2.jar;C:\Users\yourMother\.m2\repository\org\opentest4j\opentest4j\1.2.0\opentest4j-1.2.0.jar;C:\Users\yourMother\.m2\repository\org\junit\platform\junit-platform-commons\1.9.2\junit-platform-commons-1.9.2.jar;C:\Users\yourMother\.m2\repository\org\apiguardian\apiguardian-api\1.1.2\apiguardian-api-1.1.2.jar;C:\Users\yourMother\.m2\repository\org\junit\jupiter\junit-jupiter-params\5.9.2\junit-jupiter-params-5.9.2.jar;C:\Users\yourMother\.m2\repository\org\junit\jupiter\junit-jupiter-engine\5.9.2\junit-jupiter-engine-5.9.2.jar;C:\Users\yourMother\.m2\repository\org\junit\platform\junit-platform-engine\1.9.2\junit-platform-engine-1.9.2.jar;C:\Users\yourMother\.m2\repository\com\github\javaparser\javaparser-core\3.5.12\javaparser-core-3.5.12.jar;C:\Users\yourMother\.m2\repository\org\javassist\javassist\3.29.2-GA\javassist-3.29.2-GA.jar
Launcher Type: SUN_STANDARD

[Global flags]
     intx CICompilerCount                          = 4                                         {product} {ergonomic}
     uint ConcGCThreads                            = 2                                         {product} {ergonomic}
     uint G1ConcRefinementThreads                  = 8                                         {product} {ergonomic}
   size_t G1HeapRegionSize                         = 2097152                                   {product} {ergonomic}
    uintx GCDrainStackTargetSize                   = 64                                        {product} {ergonomic}
   size_t InitialHeapSize                          = 264241152                                 {product} {ergonomic}
   size_t MarkStackSize                            = 4194304                                   {product} {ergonomic}
   size_t MaxHeapSize                              = 4217372672                                {product} {ergonomic}
   size_t MaxNewSize                               = 2529165312                                {product} {ergonomic}
   size_t MinHeapDeltaBytes                        = 2097152                                   {product} {ergonomic}
   size_t MinHeapSize                              = 8388608                                   {product} {ergonomic}
    uintx NonNMethodCodeHeapSize                   = 5839372                                {pd product} {ergonomic}
    uintx NonProfiledCodeHeapSize                  = 122909434                              {pd product} {ergonomic}
    uintx ProfiledCodeHeapSize                     = 122909434                              {pd product} {ergonomic}
    uintx ReservedCodeCacheSize                    = 251658240                              {pd product} {ergonomic}
     bool SegmentedCodeCache                       = true                                      {product} {ergonomic}
   size_t SoftMaxHeapSize                          = 4217372672                             {manageable} {ergonomic}
     bool UseCompressedClassPointers               = true                           {product lp64_product} {ergonomic}
     bool UseCompressedOops                        = true                           {product lp64_product} {ergonomic}
     bool UseG1GC                                  = true                                      {product} {ergonomic}
     bool UseLargePagesIndividualAllocation        = false                                  {pd product} {ergonomic}

Logging:
Log output configuration:
 #0: stdout all=warning uptime,level,tags foldmultilines=false
 #1: stderr all=off uptime,level,tags foldmultilines=false

Environment Variables:
PATH=C:\Program Files\Common Files\Oracle\Java\javapath;C:\Program Files (x86)\Common Files\Oracle\Java\javapath;C:\Windows\system32;C:\Windows;C:\Windows\System32\Wbem;C:\Windows\System32\WindowsPowerShell\v1.0\;C:\Windows\System32\OpenSSH\;C:\Program Files (x86)\MGLTools-1.5.7;C:\docking;C:\bin;C:\Program Files (x86)\ADFRsuite-1.0\bin;C:\Program Files (x86)\Avogadro\bin;C:\Program Files\Wolfram Research\WolframScript\;C:\Program Files\Git\cmd;C:\Program Files\MATLAB\R2022b\bin;C:\Users\yourMother\AppData\Local\Microsoft\WindowsApps;C:\Users\yourMother\AppData\Local\Programs\Microsoft VS Code\bin;C:\Users\yourMother\Downloads\Anaconda3-2022.10-Windows-x86_64.exe;C:\Program Files (x86)\Common Files\Oracle\Java\javapath\java.exe;C:\Program Files (x86)\Common Files\Oracle\Java\javapath\javaw.exe;C:\Program Files (x86)\Common Files\Oracle\Java\javapath\javaws.exe;C:\Program Files\Java\jre1.8.0_341\bin\javacpl.exe;C:\Program Files\Wolfram Research\Mathematica\13.1\SystemFiles\Java\Windows-x86-64\bin\javac.exe;C:\Program Files\Java\jdk-11.0.17\bin;C:\Program Files\Java\jre1.8.0_341\bin;;C:\Program Files\JetBrains\IntelliJ IDEA Community Edition 2022.3.1\bin;
USERNAME=yourMother
OS=Windows_NT
PROCESSOR_IDENTIFIER=Intel64 Family 6 Model 140 Stepping 1, GenuineIntel
TMP=C:\Users\YOURMO~1\AppData\Local\Temp
TEMP=C:\Users\YOURMO~1\AppData\Local\Temp



---------------  S Y S T E M  ---------------

OS:
 Windows 11 , 64 bit Build 22000 (10.0.22000.1516)
OS uptime: 0 days 5:11 hours
Hyper-V role detected

CPU: total 8 (initial active 8) (4 cores per cpu, 2 threads per core) family 6 model 140 stepping 1 microcode 0x86, cx8, cmov, fxsr, ht, mmx, 3dnowpref, sse, sse2, sse3, ssse3, sse4.1, sse4.2, popcnt, lzcnt, tsc, tscinvbit, avx, avx2, aes, erms, clmul, bmi1, bmi2, adx, avx512f, avx512dq, avx512cd, avx512bw, avx512vl, sha, fma, vzeroupper, avx512_vpopcntdq, avx512_vpclmulqdq, avx512_vaes, avx512_vnni, clflush, clflushopt, clwb, avx512_vbmi2, avx512_vbmi, hv, rdtscp, rdpid, fsrm, gfni, avx512_bitalg

Memory: 4k page, system-wide physical 16082M (1997M free)
TotalPageFile size 65234M (AvailPageFile size 38279M)
current process WorkingSet (physical memory assigned to process): 202M, peak: 210M
current process commit charge ("private bytes"): 351M, peak: 360M

vm_info: Java HotSpot(TM) 64-Bit Server VM (19.0.1+10-21) for windows-amd64 JRE (19.0.1+10-21), built on 2022-09-14T12:45:06Z by "mach5one" with MS VC++ 17.1 (VS2022)

END.
